<?xml version="1.0" encoding="UTF-8"?>
<!-- Generated by org.testng.reporters.JUnitXMLReporter -->
<testsuite ignored="0" hostname="LAPTOP-EO8EQ92I" failures="1" tests="1" name="test1(failed)" time="15.365" errors="0" timestamp="2026-03-12T21:51:26 IST">
  <testcase classname="testCases.TC002_LoginTest" name="testLogin" time="10.749">
    <failure type="java.lang.AssertionError" message="null">
      <![CDATA[java.lang.AssertionError: null
at testCases.TC002_LoginTest.testLogin(TC002_LoginTest.java:41)
at java.base/java.util.ArrayList.forEach(ArrayList.java:1604)
... Removed 31 stack frames]]>
    </failure>
  </testcase> <!-- testLogin -->
</testsuite> <!-- test1(failed) -->
