<?xml version="1.0" encoding="UTF-8"?>
<!-- Generated by org.testng.reporters.JUnitXMLReporter -->
<testsuite ignored="0" hostname="LAPTOP-EO8EQ92I" failures="1" tests="2" name="fireFoxTest" time="25.568" errors="0" timestamp="2026-03-20T00:14:05 IST">
  <testcase classname="testCases.TC001_RegisterTest" name="testRegister" time="2.45"/>
  <testcase classname="testCases.TC002_LoginTest" name="testLogin" time="10.75">
    <failure type="java.lang.AssertionError" message="null">
      <![CDATA[java.lang.AssertionError: null
at testCases.TC002_LoginTest.testLogin(TC002_LoginTest.java:41)
at java.base/java.util.ArrayList.forEach(ArrayList.java:1604)
at java.base/java.util.concurrent.FutureTask.run(FutureTask.java:328)
at java.base/java.util.concurrent.ThreadPoolExecutor.runWorker(ThreadPoolExecutor.java:1090)
at java.base/java.util.concurrent.ThreadPoolExecutor$Worker.run(ThreadPoolExecutor.java:614)
at java.base/java.lang.Thread.run(Thread.java:1474)
... Removed 17 stack frames]]>
    </failure>
  </testcase> <!-- testLogin -->
</testsuite> <!-- fireFoxTest -->
