<?xml version="1.0" encoding="UTF-8"?>
<!-- Generated by org.testng.reporters.JUnitXMLReporter -->
<testsuite ignored="0" hostname="LAPTOP-EO8EQ92I" failures="6" tests="7" name="test1" time="46.983" errors="0" timestamp="2026-03-12T16:22:40 IST">
  <testcase classname="testCases.TC004_RegisterDDT" name="testRegisterDDT" time="11.337">
    <failure type="java.lang.AssertionError" message="null">
      <![CDATA[java.lang.AssertionError: null
at testCases.TC004_RegisterDDT.testRegisterDDT(TC004_RegisterDDT.java:43)
at java.base/java.util.ArrayList.forEach(ArrayList.java:1604)
... Removed 31 stack frames]]>
    </failure>
  </testcase> <!-- testRegisterDDT -->
  <testcase classname="testCases.TC004_RegisterDDT" name="testRegisterDDT" time="10.841">
    <failure type="java.lang.AssertionError" message="null">
      <![CDATA[java.lang.AssertionError: null
at testCases.TC004_RegisterDDT.testRegisterDDT(TC004_RegisterDDT.java:43)
at java.base/java.util.ArrayList.forEach(ArrayList.java:1604)
... Removed 31 stack frames]]>
    </failure>
  </testcase> <!-- testRegisterDDT -->
  <testcase classname="testCases.TC003_LoginDDT" name="testLoginDDT" time="10.94">
    <failure type="java.lang.AssertionError" message="null">
      <![CDATA[java.lang.AssertionError: null
at testCases.TC003_LoginDDT.testLoginDDT(TC003_LoginDDT.java:64)
at java.base/java.util.ArrayList.forEach(ArrayList.java:1604)
... Removed 31 stack frames]]>
    </failure>
  </testcase> <!-- testLoginDDT -->
  <testcase classname="testCases.TC003_LoginDDT" name="testLoginDDT" time="8.669"/>
  <testcase classname="testCases.TC003_LoginDDT" name="testLoginDDT" time="0.068">
    <failure type="java.lang.AssertionError" message="null">
      <![CDATA[java.lang.AssertionError: null
at testCases.TC003_LoginDDT.testLoginDDT(TC003_LoginDDT.java:64)
at java.base/java.util.ArrayList.forEach(ArrayList.java:1604)
... Removed 31 stack frames]]>
    </failure>
  </testcase> <!-- testLoginDDT -->
  <testcase classname="testCases.TC003_LoginDDT" name="testLoginDDT" time="0.003">
    <failure type="java.lang.AssertionError" message="null">
      <![CDATA[java.lang.AssertionError: null
at testCases.TC003_LoginDDT.testLoginDDT(TC003_LoginDDT.java:64)
at java.base/java.util.ArrayList.forEach(ArrayList.java:1604)
... Removed 31 stack frames]]>
    </failure>
  </testcase> <!-- testLoginDDT -->
  <testcase classname="testCases.TC003_LoginDDT" name="testLoginDDT" time="0.002">
    <failure type="java.lang.AssertionError" message="null">
      <![CDATA[java.lang.AssertionError: null
at testCases.TC003_LoginDDT.testLoginDDT(TC003_LoginDDT.java:64)
at java.base/java.util.ArrayList.forEach(ArrayList.java:1604)
... Removed 31 stack frames]]>
    </failure>
  </testcase> <!-- testLoginDDT -->
</testsuite> <!-- test1 -->
