<?xml version="1.0" encoding="UTF-8"?>
<testng-results ignored="0" total="3" passed="3" failed="0" skipped="0">
  <reporter-output>
  </reporter-output>
  <suite started-at="2026-03-11T23:34:28 IST" name="Suite" finished-at="2026-03-11T23:34:46 IST" duration-ms="18944">
    <groups>
    </groups>
    <test started-at="2026-03-11T23:34:28 IST" name="chromeTest" finished-at="2026-03-11T23:34:37 IST" duration-ms="9153">
      <class name="testCases.TC001_RegisterTest">
        <test-method is-config="true" signature="setup(java.lang.String,java.lang.String)[pri:0, instance:testCases.TC001_RegisterTest@1d082e88]" started-at="2026-03-11T23:34:28 IST" name="setup" finished-at="2026-03-11T23:34:32 IST" duration-ms="4009" status="PASS">
          <params>
            <param index="0">
              <value>
                <![CDATA[Windows]]>
              </value>
            </param>
            <param index="1">
              <value>
                <![CDATA[chrome]]>
              </value>
            </param>
          </params>
          <reporter-output>
          </reporter-output>
        </test-method> <!-- setup -->
        <test-method signature="testRegister()[pri:0, instance:testCases.TC001_RegisterTest@1d082e88]" started-at="2026-03-11T23:34:32 IST" name="testRegister" finished-at="2026-03-11T23:34:36 IST" duration-ms="4599" status="PASS">
          <reporter-output>
          </reporter-output>
        </test-method> <!-- testRegister -->
        <test-method is-config="true" signature="tearDown()[pri:0, instance:testCases.TC001_RegisterTest@1d082e88]" started-at="2026-03-11T23:34:36 IST" name="tearDown" finished-at="2026-03-11T23:34:37 IST" duration-ms="480" status="PASS">
          <reporter-output>
          </reporter-output>
        </test-method> <!-- tearDown -->
      </class> <!-- testCases.TC001_RegisterTest -->
    </test> <!-- chromeTest -->
    <test started-at="2026-03-11T23:34:28 IST" name="edgeTest" finished-at="2026-03-11T23:34:39 IST" duration-ms="11252">
      <class name="testCases.TC001_RegisterTest">
        <test-method is-config="true" signature="setup(java.lang.String,java.lang.String)[pri:0, instance:testCases.TC001_RegisterTest@25d250c6]" started-at="2026-03-11T23:34:28 IST" name="setup" finished-at="2026-03-11T23:34:34 IST" duration-ms="6788" status="PASS">
          <params>
            <param index="0">
              <value>
                <![CDATA[Windows]]>
              </value>
            </param>
            <param index="1">
              <value>
                <![CDATA[edge]]>
              </value>
            </param>
          </params>
          <reporter-output>
          </reporter-output>
        </test-method> <!-- setup -->
        <test-method signature="testRegister()[pri:0, instance:testCases.TC001_RegisterTest@25d250c6]" started-at="2026-03-11T23:34:34 IST" name="testRegister" finished-at="2026-03-11T23:34:38 IST" duration-ms="4107" status="PASS">
          <reporter-output>
          </reporter-output>
        </test-method> <!-- testRegister -->
        <test-method is-config="true" signature="tearDown()[pri:0, instance:testCases.TC001_RegisterTest@25d250c6]" started-at="2026-03-11T23:34:38 IST" name="tearDown" finished-at="2026-03-11T23:34:39 IST" duration-ms="329" status="PASS">
          <reporter-output>
          </reporter-output>
        </test-method> <!-- tearDown -->
      </class> <!-- testCases.TC001_RegisterTest -->
    </test> <!-- edgeTest -->
    <test started-at="2026-03-11T23:34:28 IST" name="fireFoxTest" finished-at="2026-03-11T23:34:46 IST" duration-ms="18944">
      <class name="testCases.TC001_RegisterTest">
        <test-method is-config="true" signature="setup(java.lang.String,java.lang.String)[pri:0, instance:testCases.TC001_RegisterTest@6b26e945]" started-at="2026-03-11T23:34:28 IST" name="setup" finished-at="2026-03-11T23:34:41 IST" duration-ms="13797" status="PASS">
          <params>
            <param index="0">
              <value>
                <![CDATA[Windows]]>
              </value>
            </param>
            <param index="1">
              <value>
                <![CDATA[firefox]]>
              </value>
            </param>
          </params>
          <reporter-output>
          </reporter-output>
        </test-method> <!-- setup -->
        <test-method signature="testRegister()[pri:0, instance:testCases.TC001_RegisterTest@6b26e945]" started-at="2026-03-11T23:34:41 IST" name="testRegister" finished-at="2026-03-11T23:34:45 IST" duration-ms="3843" status="PASS">
          <reporter-output>
          </reporter-output>
        </test-method> <!-- testRegister -->
        <test-method is-config="true" signature="tearDown()[pri:0, instance:testCases.TC001_RegisterTest@6b26e945]" started-at="2026-03-11T23:34:45 IST" name="tearDown" finished-at="2026-03-11T23:34:46 IST" duration-ms="1276" status="PASS">
          <reporter-output>
          </reporter-output>
        </test-method> <!-- tearDown -->
      </class> <!-- testCases.TC001_RegisterTest -->
    </test> <!-- fireFoxTest -->
  </suite> <!-- Suite -->
</testng-results>
