<?xml version="1.0" encoding="UTF-8"?>
<testsuite xmlns:xsi="http://www.w3.org/2001/XMLSchema-instance" xsi:noNamespaceSchemaLocation="https://maven.apache.org/surefire/maven-surefire-plugin/xsd/surefire-test-report.xsd" name="TestSuite" time="16.051" tests="7" errors="0" skipped="4" failures="3">
  <properties>
[...]
</properties>
  <testcase name="setup" classname="testCases.TC001_RegisterTest" time="1.553">
    <failure message="Could not start a new session. Response code 500. Message: Could not start a new session. Error while creating session with the driver service. Stopping driver service: Could not start a new session. Response code 500. Message: Expected browser binary location, but unable to find binary in default location, no &apos;moz:firefoxOptions.binary&apos; capability provided, and no binary flag set on the command line &#10;Host info: host: &apos;LAPTOP-EO8EQ92I&apos;, ip: &apos;192.168.1.48&apos;&#10;Build info: version: &apos;4.41.0&apos;, revision: &apos;9fc754f90a&apos;&#10;System info: os.name: &apos;Windows 11&apos;, os.arch: &apos;amd64&apos;, os.version: &apos;10.0&apos;, java.version: &apos;25.0.2&apos;&#10;Driver info: driver.version: unknown&#10;Build info: version: &apos;4.41.0&apos;, revision: &apos;9fc754f90a&apos;&#10;System info: os.name: &apos;Windows 11&apos;, os.arch: &apos;amd64&apos;, os.version: &apos;10.0&apos;, java.version: &apos;25.0.2&apos;&#10;Driver info: driver.version: unknown&#10;Build info: version: &apos;4.41.0&apos;, revision: &apos;9fc754f&apos;&#10;System info: os.name: &apos;Windows 11&apos;, os.arch: &apos;amd64&apos;, os.version: &apos;10.0&apos;, java.version: &apos;25.0.2&apos;&#10;Driver info: org.openqa.selenium.remote.RemoteWebDriver&#10;Command: [null, newSession {capabilities=[Capabilities {browserName: firefox, platformName: Windows 11}]}]&#10;Capabilities {browserName: firefox, platformName: Windows 11}" type="org.openqa.selenium.SessionNotCreatedException">org.openqa.selenium.SessionNotCreatedException: 
Could not start a new session. Response code 500. Message: Could not start a new session. Error while creating session with the driver service. Stopping driver service: Could not start a new session. Response code 500. Message: Expected browser binary location, but unable to find binary in default location, no 'moz:firefoxOptions.binary' capability provided, and no binary flag set on the command line 
Host info: host: 'LAPTOP-EO8EQ92I', ip: '192.168.1.48'
Build info: version: '4.41.0', revision: '9fc754f90a'
System info: os.name: 'Windows 11', os.arch: 'amd64', os.version: '10.0', java.version: '25.0.2'
Driver info: driver.version: unknown
Build info: version: '4.41.0', revision: '9fc754f90a'
System info: os.name: 'Windows 11', os.arch: 'amd64', os.version: '10.0', java.version: '25.0.2'
Driver info: driver.version: unknown
Build info: version: '4.41.0', revision: '9fc754f'
System info: os.name: 'Windows 11', os.arch: 'amd64', os.version: '10.0', java.version: '25.0.2'
Driver info: org.openqa.selenium.remote.RemoteWebDriver
Command: [null, newSession {capabilities=[Capabilities {browserName: firefox, platformName: Windows 11}]}]
Capabilities {browserName: firefox, platformName: Windows 11}
</failure>
    <system-err><![CDATA[Mar 16, 2026 8:17:58 PM org.openqa.selenium.remote.tracing.opentelemetry.OpenTelemetryTracer createTracer
INFO: Using OpenTelemetry for tracing
]]></system-err>
  </testcase>
  <testcase name="setup" classname="testCases.TC001_RegisterTest" time="12.277">
    <failure message="Unable to execute request for an existing session: Failed to execute request (POST http://localhost:19637/session/3fcbe13806ea50ff329f04df60a45901/window/maximize)&#10;Build info: version: &apos;4.41.0&apos;, revision: &apos;9fc754f&apos;&#10;System info: os.name: &apos;Windows 11&apos;, os.arch: &apos;amd64&apos;, os.version: &apos;10.0&apos;, java.version: &apos;25.0.2&apos;&#10;Driver info: org.openqa.selenium.remote.RemoteWebDriver&#10;Command: [3fcbe13806ea50ff329f04df60a45901, maximizeCurrentWindow {}]&#10;Capabilities {acceptInsecureCerts: false, browserName: MicrosoftEdge, browserVersion: 146.0.3856.59, fedcm:accounts: true, goog:processID: 13960, ms:edgeOptions: {debuggerAddress: localhost:62347}, msedge: {msedgedriverVersion: 146.0.3856.59 (2bb29cee9f89..., userDataDir: C:\Users\karti\AppData\Loca...}, networkConnectionEnabled: false, pageLoadStrategy: normal, platformName: Windows 11, proxy: Proxy(), se:bidiEnabled: false, se:cdp: ws://192.168.1.48:4444/sess..., se:cdpVersion: 146.0.3856.59, setWindowRect: true, strictFileInteractability: false, timeouts: {implicit: 0, pageLoad: 300000, script: 30000}, unhandledPromptBehavior: dismiss and notify, webauthn:extension:credBlob: true, webauthn:extension:largeBlob: true, webauthn:extension:minPinLength: true, webauthn:extension:prf: true, webauthn:virtualAuthenticators: true}&#10;Session ID: 3fcbe13806ea50ff329f04df60a45901" type="org.openqa.selenium.WebDriverException">org.openqa.selenium.WebDriverException: 
Unable to execute request for an existing session: Failed to execute request (POST http://localhost:19637/session/3fcbe13806ea50ff329f04df60a45901/window/maximize)
Build info: version: '4.41.0', revision: '9fc754f'
System info: os.name: 'Windows 11', os.arch: 'amd64', os.version: '10.0', java.version: '25.0.2'
Driver info: org.openqa.selenium.remote.RemoteWebDriver
Command: [3fcbe13806ea50ff329f04df60a45901, maximizeCurrentWindow {}]
Capabilities {acceptInsecureCerts: false, browserName: MicrosoftEdge, browserVersion: 146.0.3856.59, fedcm:accounts: true, goog:processID: 13960, ms:edgeOptions: {debuggerAddress: localhost:62347}, msedge: {msedgedriverVersion: 146.0.3856.59 (2bb29cee9f89..., userDataDir: C:\Users\karti\AppData\Loca...}, networkConnectionEnabled: false, pageLoadStrategy: normal, platformName: Windows 11, proxy: Proxy(), se:bidiEnabled: false, se:cdp: ws://192.168.1.48:4444/sess..., se:cdpVersion: 146.0.3856.59, setWindowRect: true, strictFileInteractability: false, timeouts: {implicit: 0, pageLoad: 300000, script: 30000}, unhandledPromptBehavior: dismiss and notify, webauthn:extension:credBlob: true, webauthn:extension:largeBlob: true, webauthn:extension:minPinLength: true, webauthn:extension:prf: true, webauthn:virtualAuthenticators: true}
Session ID: 3fcbe13806ea50ff329f04df60a45901
</failure>
  </testcase>
  <testcase name="testRegister" classname="testCases.TC001_RegisterTest" time="0">
    <skipped message="Could not start a new session. Response code 500. Message: Could not start a new session. Error while creating session with the driver service. Stopping driver service: Could not start a new session. Response code 500. Message: Expected browser binary location, but unable to find binary in default location, no &apos;moz:firefoxOptions.binary&apos; capability provided, and no binary flag set on the command line &#10;Host info: host: &apos;LAPTOP-EO8EQ92I&apos;, ip: &apos;192.168.1.48&apos;&#10;Build info: version: &apos;4.41.0&apos;, revision: &apos;9fc754f90a&apos;&#10;System info: os.name: &apos;Windows 11&apos;, os.arch: &apos;amd64&apos;, os.version: &apos;10.0&apos;, java.version: &apos;25.0.2&apos;&#10;Driver info: driver.version: unknown&#10;Build info: version: &apos;4.41.0&apos;, revision: &apos;9fc754f90a&apos;&#10;System info: os.name: &apos;Windows 11&apos;, os.arch: &apos;amd64&apos;, os.version: &apos;10.0&apos;, java.version: &apos;25.0.2&apos;&#10;Driver info: driver.version: unknown&#10;Build info: version: &apos;4.41.0&apos;, revision: &apos;9fc754f&apos;&#10;System info: os.name: &apos;Windows 11&apos;, os.arch: &apos;amd64&apos;, os.version: &apos;10.0&apos;, java.version: &apos;25.0.2&apos;&#10;Driver info: org.openqa.selenium.remote.RemoteWebDriver&#10;Command: [null, newSession {capabilities=[Capabilities {browserName: firefox, platformName: Windows 11}]}]&#10;Capabilities {browserName: firefox, platformName: Windows 11}"/>
  </testcase>
  <testcase name="testRegister" classname="testCases.TC001_RegisterTest" time="10.788">
    <failure type="java.lang.AssertionError:">java.lang.AssertionError: null
	at testCases.TC001_RegisterTest.testRegister(TC001_RegisterTest.java:47)
</failure>
  </testcase>
  <testcase name="testRegister" classname="testCases.TC001_RegisterTest" time="0">
    <skipped message="Unable to execute request for an existing session: Failed to execute request (POST http://localhost:19637/session/3fcbe13806ea50ff329f04df60a45901/window/maximize)&#10;Build info: version: &apos;4.41.0&apos;, revision: &apos;9fc754f&apos;&#10;System info: os.name: &apos;Windows 11&apos;, os.arch: &apos;amd64&apos;, os.version: &apos;10.0&apos;, java.version: &apos;25.0.2&apos;&#10;Driver info: org.openqa.selenium.remote.RemoteWebDriver&#10;Command: [3fcbe13806ea50ff329f04df60a45901, maximizeCurrentWindow {}]&#10;Capabilities {acceptInsecureCerts: false, browserName: MicrosoftEdge, browserVersion: 146.0.3856.59, fedcm:accounts: true, goog:processID: 13960, ms:edgeOptions: {debuggerAddress: localhost:62347}, msedge: {msedgedriverVersion: 146.0.3856.59 (2bb29cee9f89..., userDataDir: C:\Users\karti\AppData\Loca...}, networkConnectionEnabled: false, pageLoadStrategy: normal, platformName: Windows 11, proxy: Proxy(), se:bidiEnabled: false, se:cdp: ws://192.168.1.48:4444/sess..., se:cdpVersion: 146.0.3856.59, setWindowRect: true, strictFileInteractability: false, timeouts: {implicit: 0, pageLoad: 300000, script: 30000}, unhandledPromptBehavior: dismiss and notify, webauthn:extension:credBlob: true, webauthn:extension:largeBlob: true, webauthn:extension:minPinLength: true, webauthn:extension:prf: true, webauthn:virtualAuthenticators: true}&#10;Session ID: 3fcbe13806ea50ff329f04df60a45901"/>
  </testcase>
  <testcase name="tearDown" classname="testCases.TC001_RegisterTest" time="0">
    <skipped/>
  </testcase>
  <testcase name="tearDown" classname="testCases.TC001_RegisterTest" time="0">
    <skipped/>
  </testcase>
</testsuite>