<?xml version="1.0" encoding="UTF-8"?>
<!-- Generated by org.testng.reporters.JUnitReportReporter -->
<testsuite hostname="LAPTOP-EO8EQ92I" failures="0" tests="3" name="testCases.TC001_RegisterTest" time="10.353" errors="0" timestamp="2026-03-20T00:14:05 IST" skipped="0">
  <testcase classname="testCases.TC001_RegisterTest" name="testRegister" time="2.450"/>
  <testcase classname="testCases.TC001_RegisterTest" name="testRegister" time="3.998"/>
  <testcase classname="testCases.TC001_RegisterTest" name="testRegister" time="3.905"/>
</testsuite> <!-- testCases.TC001_RegisterTest -->
