<?xml version="1.0" encoding="UTF-8"?>
<!-- Generated by org.testng.reporters.JUnitReportReporter -->
<testsuite hostname="LAPTOP-EO8EQ92I" failures="0" tests="3" name="testCases.TC001_RegisterTest" time="12.549" errors="0" timestamp="2026-03-11T23:34:47 IST" skipped="0">
  <testcase classname="testCases.TC001_RegisterTest" name="testRegister" time="4.599"/>
  <testcase classname="testCases.TC001_RegisterTest" name="testRegister" time="3.843"/>
  <testcase classname="testCases.TC001_RegisterTest" name="testRegister" time="4.107"/>
</testsuite> <!-- testCases.TC001_RegisterTest -->
